Build started 12/14/2023 6:15:40 AM.
     1>Project "C:\Programs\Steam\steamapps\sourcemods\sde_code\src\mathlib\mathlib.vcxproj" on node 4 (Build target(s)).
     1>PreBuildEvent:
         if EXIST ..\lib\public\.\mathlib.lib ( for /f "delims=" %%A in ('attrib "..\lib\public\.\mathlib.lib"') do set valveTmpIsReadOnly="%%A"
         ) else ( if not EXIST ..\lib\public\. mkdir ..\lib\public\. )
         set valveTmpIsReadOnlyLetter=%valveTmpIsReadOnly:~6,1%
         if "%valveTmpIsReadOnlyLetter%"=="R" (
             attrib -r ..\lib\public\.\mathlib.lib
             ..\devtools\bin\gnu\touch.exe -d "1999-01-01" ..\lib\public\.\mathlib.lib
             attrib +r ..\lib\public\.\mathlib.lib
         )
         if exist "..\devtools\bin\vpc.exe" "..\devtools\bin\vpc.exe" -crc2 "mathlib.vcxproj"
         if ERRORLEVEL 1 exit /b 1
         
         :VCEnd
       Lib:
         C:\Program Files (x86)\Microsoft Visual Studio 12.0\VC\bin\Lib.exe /OUT:"..\lib\public\.\mathlib.lib" /NOLOGO  /ignore:4221 .\Release\.\/3dnow.obj
         .\Release\.\/almostequal.obj
         .\Release\.\/anorms.obj
         .\Release\.\/bumpvects.obj
         .\Release\.\/color_conversion.obj
         .\Release\.\/halton.obj
         .\Release\.\/IceKey.obj
         .\Release\.\/imagequant.obj
         .\Release\.\/lightdesc.obj
         .\Release\.\/mathlib_base.obj
         .\Release\.\/polyhedron.obj
         .\Release\.\/powsse.obj
         .\Release\.\/quantize.obj
         .\Release\.\/randsse.obj
         .\Release\.\/simdvectormatrix.obj
         .\Release\.\/sparse_convolution_noise.obj
         .\Release\.\/spherical.obj
         .\Release\.\/sse.obj
         .\Release\.\/sseconst.obj
         .\Release\.\/ssenoise.obj
         .\Release\.\/vector.obj
         .\Release\.\/vmatrix.obj
         mathlib.vcxproj -> C:\Programs\Steam\steamapps\sourcemods\sde_code\src\mathlib\..\lib\public\.\mathlib.lib
     1>Done Building Project "C:\Programs\Steam\steamapps\sourcemods\sde_code\src\mathlib\mathlib.vcxproj" (Build target(s)).

Build succeeded.

Time Elapsed 00:00:02.22
